2025-05-13T12:57:10.017Z === Migration started ===
2025-05-13T12:57:10.023Z Upserting quiz metadata for azure-a102
2025-05-13T12:57:10.406Z Quiz metadata upserted
2025-05-13T12:57:10.407Z Reading /Users/amankumarshrestha/Downloads/ship-fast-ts-supabase/app/data/quizzes/azure-a102/clean_drag_and_drop_questions.json
2025-05-13T12:57:10.407Z Loaded 9 questions from clean_drag_and_drop_questions.json
2025-05-13T12:57:10.407Z Reading /Users/amankumarshrestha/Downloads/ship-fast-ts-supabase/app/data/quizzes/azure-a102/clean_dropdown_selection_questions.json
2025-05-13T12:57:10.408Z Loaded 4 questions from clean_dropdown_selection_questions.json
2025-05-13T12:57:10.408Z Reading /Users/amankumarshrestha/Downloads/ship-fast-ts-supabase/app/data/quizzes/azure-a102/clean_multi_questions.json
2025-05-13T12:57:10.409Z Loaded 24 questions from clean_multi_questions.json
2025-05-13T12:57:10.409Z Reading /Users/amankumarshrestha/Downloads/ship-fast-ts-supabase/app/data/quizzes/azure-a102/clean_order_questions.json
2025-05-13T12:57:10.409Z Loaded 19 questions from clean_order_questions.json
2025-05-13T12:57:10.409Z Reading /Users/amankumarshrestha/Downloads/ship-fast-ts-supabase/app/data/quizzes/azure-a102/clean_single_selection_questions.json
2025-05-13T12:57:10.410Z Loaded 67 questions from clean_single_selection_questions.json
2025-05-13T12:57:10.410Z Reading /Users/amankumarshrestha/Downloads/ship-fast-ts-supabase/app/data/quizzes/azure-a102/clean_yes_no_questions.json
2025-05-13T12:57:10.411Z Loaded 17 questions from clean_yes_no_questions.json
2025-05-13T12:57:10.411Z Reading /Users/amankumarshrestha/Downloads/ship-fast-ts-supabase/app/data/quizzes/azure-a102/clean_yesno_multi_questions.json
2025-05-13T12:57:10.411Z Loaded 7 questions from clean_yesno_multi_questions.json
2025-05-13T12:57:10.411Z Total questions to import: 147
2025-05-13T12:57:10.412Z Upserting base questions
2025-05-13T12:57:11.015Z Base questions done
2025-05-13T12:57:11.016Z Upserting 21 rows into drag_and_drop_targets
2025-05-13T12:57:11.311Z drag_and_drop_targets done
2025-05-13T12:57:11.311Z Upserting 39 rows into drag_and_drop_options
2025-05-13T12:57:11.598Z drag_and_drop_options done
2025-05-13T12:57:11.599Z Upserting 21 rows into drag_and_drop_correct_pairs
2025-05-13T12:57:11.911Z drag_and_drop_correct_pairs done
2025-05-13T12:57:11.911Z Upserting 28 rows into dropdown_selection_options
2025-05-13T12:57:12.303Z dropdown_selection_options done
2025-05-13T12:57:12.303Z Upserting 9 rows into dropdown_selection_targets
2025-05-13T12:57:12.611Z dropdown_selection_targets done
2025-05-13T12:57:12.611Z Upserting 111 rows into multi_options
2025-05-13T12:57:12.751Z multi_options done
2025-05-13T12:57:12.751Z Upserting 53 rows into multi_correct_answers
2025-05-13T12:57:12.879Z multi_correct_answers done
2025-05-13T12:57:12.880Z Upserting 267 rows into single_selection_options
2025-05-13T12:57:13.069Z single_selection_options done
2025-05-13T12:57:13.069Z Upserting 67 rows into single_selection_correct_answer
2025-05-13T12:57:13.364Z single_selection_correct_answer done
2025-05-13T12:57:13.364Z Upserting 107 rows into order_items
2025-05-13T12:57:13.739Z order_items done
2025-05-13T12:57:13.739Z Upserting 60 rows into order_correct_order
2025-05-13T12:57:13.883Z order_correct_order done
2025-05-13T12:57:13.883Z Upserting 17 rows into yes_no_answer
2025-05-13T12:57:14.009Z yes_no_answer done
2025-05-13T12:57:14.009Z Upserting 23 rows into yesno_multi_statements
2025-05-13T12:57:14.304Z yesno_multi_statements done
2025-05-13T12:57:14.304Z Upserting 23 rows into yesno_multi_correct_answers
2025-05-13T12:57:14.587Z yesno_multi_correct_answers done
2025-05-13T12:57:14.587Z === Migration finished successfully ===
2025-05-13T13:00:59.022Z === Migration started ===
2025-05-13T13:00:59.025Z Upserting quiz metadata for azure-a102
2025-05-13T13:00:59.352Z Quiz metadata upserted
2025-05-13T13:00:59.353Z Reading /Users/amankumarshrestha/Downloads/ship-fast-ts-supabase/app/data/quizzes/azure-a102/clean_drag_and_drop_questions.json
2025-05-13T13:00:59.354Z Loaded 9 questions from clean_drag_and_drop_questions.json
2025-05-13T13:00:59.354Z Reading /Users/amankumarshrestha/Downloads/ship-fast-ts-supabase/app/data/quizzes/azure-a102/clean_dropdown_selection_questions.json
2025-05-13T13:00:59.354Z Loaded 4 questions from clean_dropdown_selection_questions.json
2025-05-13T13:00:59.354Z Reading /Users/amankumarshrestha/Downloads/ship-fast-ts-supabase/app/data/quizzes/azure-a102/clean_multi_questions.json
2025-05-13T13:00:59.354Z Loaded 24 questions from clean_multi_questions.json
2025-05-13T13:00:59.355Z Reading /Users/amankumarshrestha/Downloads/ship-fast-ts-supabase/app/data/quizzes/azure-a102/clean_order_questions.json
2025-05-13T13:00:59.355Z Loaded 19 questions from clean_order_questions.json
2025-05-13T13:00:59.355Z Reading /Users/amankumarshrestha/Downloads/ship-fast-ts-supabase/app/data/quizzes/azure-a102/clean_single_selection_questions.json
2025-05-13T13:00:59.356Z Loaded 67 questions from clean_single_selection_questions.json
2025-05-13T13:00:59.356Z Reading /Users/amankumarshrestha/Downloads/ship-fast-ts-supabase/app/data/quizzes/azure-a102/clean_yes_no_questions.json
2025-05-13T13:00:59.356Z Loaded 17 questions from clean_yes_no_questions.json
2025-05-13T13:00:59.356Z Reading /Users/amankumarshrestha/Downloads/ship-fast-ts-supabase/app/data/quizzes/azure-a102/clean_yesno_multi_questions.json
2025-05-13T13:00:59.357Z Loaded 7 questions from clean_yesno_multi_questions.json
2025-05-13T13:00:59.357Z Total questions to import: 147
2025-05-13T13:00:59.357Z Upserting base questions
2025-05-13T13:00:59.782Z Base questions done
2025-05-13T13:00:59.783Z Upserting 21 rows into drag_and_drop_targets
2025-05-13T13:00:59.893Z drag_and_drop_targets done
2025-05-13T13:00:59.893Z Upserting 39 rows into drag_and_drop_options
2025-05-13T13:01:00.016Z drag_and_drop_options done
2025-05-13T13:01:00.016Z Upserting 21 rows into drag_and_drop_correct_pairs
2025-05-13T13:01:00.159Z drag_and_drop_correct_pairs done
2025-05-13T13:01:00.159Z Upserting 28 rows into dropdown_selection_options
2025-05-13T13:01:00.295Z dropdown_selection_options done
2025-05-13T13:01:00.296Z Upserting 9 rows into dropdown_selection_targets
2025-05-13T13:01:00.412Z dropdown_selection_targets done
2025-05-13T13:01:00.412Z Upserting 111 rows into multi_options
2025-05-13T13:01:00.539Z multi_options done
2025-05-13T13:01:00.539Z Upserting 53 rows into multi_correct_answers
2025-05-13T13:01:00.659Z multi_correct_answers done
2025-05-13T13:01:00.659Z Upserting 267 rows into single_selection_options
2025-05-13T13:01:00.818Z single_selection_options done
2025-05-13T13:01:00.818Z Upserting 67 rows into single_selection_correct_answer
2025-05-13T13:01:00.941Z single_selection_correct_answer done
2025-05-13T13:01:00.941Z Upserting 107 rows into order_items
2025-05-13T13:01:01.064Z order_items done
2025-05-13T13:01:01.064Z Upserting 60 rows into order_correct_order
2025-05-13T13:01:01.185Z order_correct_order done
2025-05-13T13:01:01.185Z Upserting 17 rows into yes_no_answer
2025-05-13T13:01:01.305Z yes_no_answer done
2025-05-13T13:01:01.305Z Upserting 23 rows into yesno_multi_statements
2025-05-13T13:01:01.444Z yesno_multi_statements done
2025-05-13T13:01:01.444Z Upserting 23 rows into yesno_multi_correct_answers
2025-05-13T13:01:01.557Z yesno_multi_correct_answers done
2025-05-13T13:01:01.557Z === Migration finished successfully ===
