2025-06-08T23:53:17.063Z 🚀 === Quiz Data Migration Process Started (v3.1 - Schema Aligned) ===
2025-06-08T23:53:17.066Z 🚀 Upserting quiz with ID: azure-ai-102-practice-quiz, tag: azure, topic: Azure AI Engineer Associate (AI-102)
2025-06-08T23:53:17.066Z 🚀 Upserting 1 rows into quizzes in 1 chunks...
2025-06-08T23:53:17.247Z ✅ Finished upserting to quizzes.
2025-06-08T23:53:17.249Z 🚀 Loaded 147 total questions from 7 JSON files.
2025-06-08T23:53:17.250Z 🚀 Prepared 147 questions with quiz_tag: azure-ai-102-practice-quiz
2025-06-08T23:53:17.250Z 🚀 Upserting 147 rows into questions in 1 chunks...
2025-06-08T23:53:17.941Z ✅ Finished upserting to questions.
2025-06-08T23:53:17.942Z 🚀 Prepared 21 rows for drag_and_drop_targets
2025-06-08T23:53:17.942Z 🚀 Prepared 39 rows for drag_and_drop_options
2025-06-08T23:53:17.942Z 🚀 Prepared 21 rows for drag_and_drop_correct_pairs
2025-06-08T23:53:17.942Z 🚀 Prepared 28 rows for dropdown_selection_options
2025-06-08T23:53:17.942Z 🚀 Prepared 9 rows for dropdown_selection_targets
2025-06-08T23:53:17.942Z 🚀 Prepared 111 rows for multi_options
2025-06-08T23:53:17.942Z 🚀 Prepared 53 rows for multi_correct_answers
2025-06-08T23:53:17.942Z 🚀 Prepared 267 rows for single_selection_options
2025-06-08T23:53:17.942Z 🚀 Prepared 67 rows for single_selection_correct_answer
2025-06-08T23:53:17.942Z 🚀 Prepared 107 rows for order_items
2025-06-08T23:53:17.942Z 🚀 Prepared 60 rows for order_correct_order
2025-06-08T23:53:17.942Z 🚀 Prepared 17 rows for yes_no_answer
2025-06-08T23:53:17.942Z 🚀 Prepared 23 rows for yesno_multi_statements
2025-06-08T23:53:17.942Z 🚀 Prepared 23 rows for yesno_multi_correct_answers
2025-06-08T23:53:17.942Z 🚀 Upserting 21 rows into drag_and_drop_targets in 1 chunks...
2025-06-08T23:53:17.942Z 🚀 Upserting 39 rows into drag_and_drop_options in 1 chunks...
2025-06-08T23:53:17.942Z 🚀 Upserting 28 rows into dropdown_selection_options in 1 chunks...
2025-06-08T23:53:17.942Z 🚀 Upserting 9 rows into dropdown_selection_targets in 1 chunks...
2025-06-08T23:53:17.943Z 🚀 Upserting 111 rows into multi_options in 1 chunks...
2025-06-08T23:53:17.943Z 🚀 Upserting 267 rows into single_selection_options in 1 chunks...
2025-06-08T23:53:17.943Z 🚀 Upserting 107 rows into order_items in 1 chunks...
2025-06-08T23:53:17.943Z 🚀 Upserting 17 rows into yes_no_answer in 1 chunks...
2025-06-08T23:53:17.943Z 🚀 Upserting 23 rows into yesno_multi_statements in 1 chunks...
2025-06-08T23:53:18.106Z ✅ Finished upserting to dropdown_selection_options.
2025-06-08T23:53:18.243Z ✅ Finished upserting to drag_and_drop_options.
2025-06-08T23:53:18.283Z ✅ Finished upserting to yes_no_answer.
2025-06-08T23:53:18.284Z ✅ Finished upserting to dropdown_selection_targets.
2025-06-08T23:53:18.331Z ✅ Finished upserting to single_selection_options.
2025-06-08T23:53:18.331Z ✅ Finished upserting to drag_and_drop_targets.
2025-06-08T23:53:18.333Z ✅ Finished upserting to yesno_multi_statements.
2025-06-08T23:53:18.334Z ✅ Finished upserting to order_items.
2025-06-08T23:53:18.334Z ✅ Finished upserting to multi_options.
2025-06-08T23:53:18.334Z 🚀 Upserting 21 rows into drag_and_drop_correct_pairs in 1 chunks...
2025-06-08T23:53:18.334Z 🚀 Upserting 53 rows into multi_correct_answers in 1 chunks...
2025-06-08T23:53:18.334Z 🚀 Upserting 67 rows into single_selection_correct_answer in 1 chunks...
2025-06-08T23:53:18.334Z 🚀 Upserting 60 rows into order_correct_order in 1 chunks...
2025-06-08T23:53:18.334Z 🚀 Upserting 23 rows into yesno_multi_correct_answers in 1 chunks...
2025-06-08T23:53:18.449Z ✅ Finished upserting to single_selection_correct_answer.
2025-06-08T23:53:18.455Z ✅ Finished upserting to drag_and_drop_correct_pairs.
2025-06-08T23:53:18.612Z ✅ Finished upserting to multi_correct_answers.
2025-06-08T23:53:18.616Z ✅ Finished upserting to yesno_multi_correct_answers.
2025-06-08T23:53:18.622Z ✅ Finished upserting to order_correct_order.
2025-06-08T23:53:18.622Z ✅ === Quiz Data Migration Process Finished Successfully ===
2025-06-08T23:53:18.622Z 🚀 Migration Summary:
    - Quiz ID: azure-ai-102-practice-quiz
    - Quiz Tag: azure 
    - Quiz Topic: Azure AI Engineer Associate (AI-102)
    - Total Questions: 147
    - Child Tables Updated: 14
