2025-06-10T10:17:56.231Z 🚀 === Project Management Quiz Migration Started (v1.0) ===
2025-06-10T10:17:56.231Z 🚀 Creating quiz - ID: project-management, Topic: Project Management (Agile)
2025-06-10T10:17:56.231Z 🚀 Upserting 1 rows into quizzes in 1 chunks...
2025-06-10T10:17:56.402Z ✅ ✓ Finished upserting to quizzes.
2025-06-10T10:17:56.403Z 🚀 Found 5 topic files: topic-1-fundamentals-of-agile.json, topic-2-agile-lifecycles-methodologies.json, topic-3-creating-agile-environment.json, topic-4-agile-planning-execution.json, topic-5-business-value-justification.json
2025-06-10T10:17:56.404Z 🚀 Loaded 45 questions from topic-3-creating-agile-environment.json
2025-06-10T10:17:56.404Z 🚀 Loaded 47 questions from topic-2-agile-lifecycles-methodologies.json
2025-06-10T10:17:56.404Z 🚀 Loaded 45 questions from topic-4-agile-planning-execution.json
2025-06-10T10:17:56.404Z 🚀 Loaded 53 questions from topic-1-fundamentals-of-agile.json
2025-06-10T10:17:56.404Z 🚀 Loaded 45 questions from topic-5-business-value-justification.json
2025-06-10T10:17:56.405Z 🚀 Loaded 235 total questions from 5 topic files.
2025-06-10T10:17:56.405Z 🚀 Prepared 235 questions with quiz_tag: project-management
2025-06-10T10:17:56.405Z 🚀 Upserting 235 rows into questions in 1 chunks...
2025-06-10T10:17:57.080Z ✅ ✓ Finished upserting to questions.
2025-06-10T10:17:57.081Z 🚀 Prepared 298 rows for multi_options
2025-06-10T10:17:57.081Z 🚀 Prepared 200 rows for multi_correct_answers
2025-06-10T10:17:57.081Z 🚀 Prepared 276 rows for single_selection_options
2025-06-10T10:17:57.081Z 🚀 Prepared 44 rows for single_selection_correct_answer
2025-06-10T10:17:57.081Z 🚀 Prepared 114 rows for yes_no_answer
2025-06-10T10:17:57.081Z 🚀 === Upserting child table data ===
2025-06-10T10:17:57.081Z 🚀 Upserting 298 rows into multi_options in 1 chunks...
2025-06-10T10:17:57.083Z 🚀 Upserting 276 rows into single_selection_options in 1 chunks...
2025-06-10T10:17:57.084Z 🚀 Upserting 114 rows into yes_no_answer in 1 chunks...
2025-06-10T10:17:57.084Z ... No rows for yesno_multi_statements (skipped)
2025-06-10T10:17:57.262Z ✅ ✓ Finished upserting to yes_no_answer.
2025-06-10T10:17:57.413Z ✅ ✓ Finished upserting to single_selection_options.
2025-06-10T10:17:57.488Z ✅ ✓ Finished upserting to multi_options.
2025-06-10T10:17:57.488Z 🚀 Upserting 200 rows into multi_correct_answers in 1 chunks...
2025-06-10T10:17:57.488Z 🚀 Upserting 44 rows into single_selection_correct_answer in 1 chunks...
2025-06-10T10:17:57.488Z ... No rows for yesno_multi_correct_answers (skipped)
2025-06-10T10:17:57.780Z ✅ ✓ Finished upserting to single_selection_correct_answer.
2025-06-10T10:17:57.816Z ✅ ✓ Finished upserting to multi_correct_answers.
2025-06-10T10:17:57.817Z 🚀 === Final Validation ===
2025-06-10T10:17:58.059Z ✅ ✓ Found quiz: Project Management Professional (PMP) Agile Practice Quiz
2025-06-10T10:17:58.059Z ✅ ✓ Total questions: 235
2025-06-10T10:17:58.059Z 🚀   - yes_no: 114 questions
2025-06-10T10:17:58.059Z 🚀   - multi: 52 questions
2025-06-10T10:17:58.059Z 🚀   - single_selection: 69 questions
2025-06-10T10:17:58.059Z ✅ === Project Management Quiz Migration Finished Successfully ===
2025-06-10T10:17:58.059Z 🚀 Migration Summary:
    - Quiz ID: project-management
    - Quiz Title: Project Management Professional (PMP) Agile Practice Quiz
    - Quiz Topic: Project Management (Agile)
    - Total Questions: 235
    - Topic Files Processed: 5
    - Child Tables Updated: 7
    - Validation: ✅ Completed
